<?xml version="1.0" encoding="UTF-8"?>
<testng-results ignored="0" total="1" passed="1" failed="0" skipped="0">
  <reporter-output>
  </reporter-output>
  <suite started-at="2025-01-31T12:35:07 GMT" name="Default suite" finished-at="2025-01-31T12:35:45 GMT" duration-ms="37323">
    <groups>
    </groups>
    <test started-at="2025-01-31T12:35:07 GMT" name="Default test" finished-at="2025-01-31T12:35:45 GMT" duration-ms="37323">
      <class name="ecom.qa.tests.SainsbTest">
        <test-method is-config="true" signature="setup()[pri:0, instance:ecom.qa.tests.SainsbTest@dd8ba08]" started-at="2025-01-31T12:35:07 GMT" name="setup" finished-at="2025-01-31T12:35:11 GMT" duration-ms="3397" status="PASS">
          <reporter-output>
          </reporter-output>
        </test-method> <!-- setup -->
        <test-method signature="testTescoShopping()[pri:0, instance:ecom.qa.tests.SainsbTest@dd8ba08]" started-at="2025-01-31T12:35:11 GMT" name="testTescoShopping" finished-at="2025-01-31T12:35:45 GMT" duration-ms="33672" status="PASS">
          <reporter-output>
          </reporter-output>
        </test-method> <!-- testTescoShopping -->
        <test-method is-config="true" signature="tearDown()[pri:0, instance:ecom.qa.tests.SainsbTest@dd8ba08]" started-at="2025-01-31T12:35:45 GMT" name="tearDown" finished-at="2025-01-31T12:35:45 GMT" duration-ms="230" status="PASS">
          <reporter-output>
          </reporter-output>
        </test-method> <!-- tearDown -->
      </class> <!-- ecom.qa.tests.SainsbTest -->
    </test> <!-- Default test -->
  </suite> <!-- Default suite -->
</testng-results>
